\BOOKMARK [1][-]{table.caption.1}{\376\377\004\022\004\062\004\065\004\064\004\065\004\075\004\070\004\065}{}% 1
\BOOKMARK [1][-]{section.1}{\376\377\004\020\004\075\004\060\004\073\004\070\004\102\004\070\004\107\004\065\004\101\004\072\004\060\004\117\000\040\004\107\004\060\004\101\004\102\004\114}{}% 2
\BOOKMARK [2][-]{subsection.1.1}{\376\377\004\020\004\075\004\060\004\073\004\070\004\067\000\040\004\067\004\060\004\064\004\060\004\107\004\070\000\040\004\070\000\040\004\101\004\103\004\111\004\065\004\101\004\102\004\062\004\103\004\116\004\111\004\070\004\105\000\040\004\100\004\065\004\110\004\065\004\075\004\070\004\071}{section.1}% 3
\BOOKMARK [2][-]{subsection.1.2}{\376\377\004\044\004\076\004\100\004\074\004\060\004\073\004\070\004\067\004\060\004\106\004\070\004\117\000\040\004\064\004\060\004\075\004\075\004\113\004\105}{section.1}% 4
\BOOKMARK [2][-]{subsection.1.3}{\376\377\004\042\004\070\004\077\004\113\000\040\004\077\004\076\004\073\004\114\004\067\004\076\004\062\004\060\004\102\004\065\004\073\004\065\004\071}{section.1}% 5
\BOOKMARK [2][-]{subsection.1.4}{\376\377\004\032\004\073\004\060\004\101\004\101\004\070\004\104\004\070\004\072\004\060\004\106\004\070\004\070\000\040\004\041\004\043\004\021\004\024}{section.1}% 6
\BOOKMARK [1][-]{section.2}{\376\377\004\032\004\076\004\075\004\101\004\102\004\100\004\103\004\072\004\102\004\076\004\100\004\101\004\072\004\060\004\117\000\040\004\107\004\060\004\101\004\102\004\114}{}% 7
\BOOKMARK [2][-]{subsection.2.1}{\376\377\004\037\004\100\004\076\004\065\004\072\004\102\004\070\004\100\004\076\004\062\004\060\004\075\004\070\004\065\000\040\004\021\004\024}{section.2}% 8
\BOOKMARK [2][-]{subsection.2.2}{\376\377\004\042\004\100\004\065\004\061\004\076\004\062\004\060\004\075\004\070\004\117\000\040\004\072\000\040\004\077\004\100\004\076\004\063\004\100\004\060\004\074\004\074\004\065}{section.2}% 9
\BOOKMARK [2][-]{subsection.2.3}{\376\377\004\041\004\102\004\100\004\103\004\072\004\102\004\103\004\100\004\060\000\040\004\037\004\036}{section.2}% 10
\BOOKMARK [2][-]{subsection.2.4}{\376\377\004\041\004\077\004\076\004\101\004\076\004\061\004\113\000\040\004\070\000\040\004\115\004\102\004\060\004\077\004\113\000\040\004\102\004\065\004\101\004\102\004\070\004\100\004\076\004\062\004\060\004\075\004\070\004\117}{section.2}% 11
\BOOKMARK [1][-]{section.3}{\376\377\004\042\004\065\004\105\004\075\004\076\004\073\004\076\004\063\004\070\004\107\004\065\004\101\004\072\004\060\004\117\000\040\004\107\004\060\004\101\004\102\004\114}{}% 12
\BOOKMARK [2][-]{subsection.3.1}{\376\377\004\022\004\113\004\061\004\076\004\100\000\040\004\041\004\043\004\021\004\024}{section.3}% 13
\BOOKMARK [2][-]{subsection.3.2}{\376\377\004\022\004\113\004\061\004\076\004\100\000\040\004\057\004\037\000\040\004\070\000\040\004\101\004\100\004\065\004\064\004\113\000\040\004\077\004\100\004\076\004\063\004\100\004\060\004\074\004\074\004\070\004\100\004\076\004\062\004\060\004\075\004\070\004\117}{section.3}% 14
\BOOKMARK [2][-]{subsection.3.3}{\376\377\004\024\004\065\004\102\004\060\004\073\004\070\000\040\004\100\004\065\004\060\004\073\004\070\004\067\004\060\004\106\004\070\004\070}{section.3}% 15
\BOOKMARK [1][-]{section.4}{\376\377\004\030\004\101\004\101\004\073\004\065\004\064\004\076\004\062\004\060\004\102\004\065\004\073\004\114\004\101\004\072\004\060\004\117\000\040\004\107\004\060\004\101\004\102\004\114}{}% 16
\BOOKMARK [2][-]{subsection.4.1}{\376\377\004\046\004\065\004\073\004\114\000\040\004\115\004\072\004\101\004\077\004\065\004\100\004\070\004\074\004\065\004\075\004\102\004\060}{section.4}% 17
\BOOKMARK [2][-]{subsection.4.2}{\376\377\004\037\004\076\004\101\004\102\004\060\004\075\004\076\004\062\004\072\004\060\000\040\004\115\004\072\004\101\004\077\004\065\004\100\004\070\004\074\004\065\004\075\004\102\004\060}{section.4}% 18
\BOOKMARK [2][-]{subsection.4.3}{\376\377\004\040\004\065\004\067\004\103\004\073\004\114\004\102\004\060\004\102\004\113\000\040\004\115\004\072\004\101\004\077\004\065\004\100\004\070\004\074\004\065\004\075\004\102\004\060}{section.4}% 19
\BOOKMARK [1][-]{figure.caption.16}{\376\377\004\027\004\060\004\072\004\073\004\116\004\107\004\065\004\075\004\070\004\065}{}% 20
\BOOKMARK [1][-]{figure.caption.16}{\376\377\004\041\004\037\004\030\004\041\004\036\004\032\000\040\004\030\004\041\004\037\004\036\004\033\004\054\004\027\004\036\004\022\004\020\004\035\004\035\004\053\004\045\000\040\004\030\004\041\004\042\004\036\004\047\004\035\004\030\004\032\004\036\004\022}{}% 21
\BOOKMARK [1][-]{figure.caption.16}{\376\377\004\037\004\040\004\030\004\033\004\036\004\026\004\025\004\035\004\030\004\025\000\040\004\020}{}% 22
\BOOKMARK [1][-]{lstnumber.1.35}{\376\377\004\037\004\040\004\030\004\033\004\036\004\026\004\025\004\035\004\030\004\025\000\040\004\021}{}% 23
\BOOKMARK [1][-]{lstnumber.2.14}{\376\377\004\037\004\040\004\030\004\033\004\036\004\026\004\025\004\035\004\030\004\025\000\040\004\022}{}% 24
\BOOKMARK [1][-]{lstnumber.3.35}{\376\377\004\037\004\040\004\030\004\033\004\036\004\026\004\025\004\035\004\030\004\025\000\040\004\023}{}% 25
\BOOKMARK [1][-]{lstnumber.4.9}{\376\377\004\037\004\040\004\030\004\033\004\036\004\026\004\025\004\035\004\030\004\025\000\040\004\024}{}% 26
